INFO  [2019-10-26 05:40:29,745] com.iluwatar.servicelayer.app.App: Enumerating all wizards
INFO  [2019-10-26 05:40:29,765] com.iluwatar.servicelayer.app.App: Aderlard Boud
INFO  [2019-10-26 05:40:29,765] com.iluwatar.servicelayer.app.App: Anaxis Bajraktari
INFO  [2019-10-26 05:40:29,765] com.iluwatar.servicelayer.app.App: Xuban Munoa
INFO  [2019-10-26 05:40:29,765] com.iluwatar.servicelayer.app.App: Blasius Dehooge
INFO  [2019-10-26 05:40:29,765] com.iluwatar.servicelayer.app.App: Enumerating all spellbooks
INFO  [2019-10-26 05:40:29,784] com.iluwatar.servicelayer.app.App: Book of Orgymon
INFO  [2019-10-26 05:40:29,784] com.iluwatar.servicelayer.app.App: Book of Aras
INFO  [2019-10-26 05:40:29,785] com.iluwatar.servicelayer.app.App: Book of Kritior
INFO  [2019-10-26 05:40:29,785] com.iluwatar.servicelayer.app.App: Book of Tamaex
INFO  [2019-10-26 05:40:29,785] com.iluwatar.servicelayer.app.App: Book of Idores
INFO  [2019-10-26 05:40:29,785] com.iluwatar.servicelayer.app.App: Book of Opaen
INFO  [2019-10-26 05:40:29,785] com.iluwatar.servicelayer.app.App: Book of Kihione
INFO  [2019-10-26 05:40:29,785] com.iluwatar.servicelayer.app.App: Enumerating all spells
INFO  [2019-10-26 05:40:29,802] com.iluwatar.servicelayer.app.App: Ice dart
INFO  [2019-10-26 05:40:29,802] com.iluwatar.servicelayer.app.App: Invisibility
INFO  [2019-10-26 05:40:29,802] com.iluwatar.servicelayer.app.App: Stun bolt
INFO  [2019-10-26 05:40:29,802] com.iluwatar.servicelayer.app.App: Confusion
INFO  [2019-10-26 05:40:29,802] com.iluwatar.servicelayer.app.App: Darkness
INFO  [2019-10-26 05:40:29,802] com.iluwatar.servicelayer.app.App: Fireball
INFO  [2019-10-26 05:40:29,802] com.iluwatar.servicelayer.app.App: Enchant weapon
INFO  [2019-10-26 05:40:29,802] com.iluwatar.servicelayer.app.App: Rock armour
INFO  [2019-10-26 05:40:29,803] com.iluwatar.servicelayer.app.App: Light
INFO  [2019-10-26 05:40:29,803] com.iluwatar.servicelayer.app.App: Bee swarm
INFO  [2019-10-26 05:40:29,803] com.iluwatar.servicelayer.app.App: Haste
INFO  [2019-10-26 05:40:29,803] com.iluwatar.servicelayer.app.App: Levitation
INFO  [2019-10-26 05:40:29,803] com.iluwatar.servicelayer.app.App: Magic lock
INFO  [2019-10-26 05:40:29,803] com.iluwatar.servicelayer.app.App: Summon hell bat
INFO  [2019-10-26 05:40:29,803] com.iluwatar.servicelayer.app.App: Water walking
INFO  [2019-10-26 05:40:29,803] com.iluwatar.servicelayer.app.App: Magic storm
INFO  [2019-10-26 05:40:29,803] com.iluwatar.servicelayer.app.App: Entangle
INFO  [2019-10-26 05:40:29,803] com.iluwatar.servicelayer.app.App: Find wizards with spellbook 'Book of Idores'
INFO  [2019-10-26 05:40:29,810] com.iluwatar.servicelayer.app.App: Xuban Munoa has 'Book of Idores'
INFO  [2019-10-26 05:40:29,812] com.iluwatar.servicelayer.app.App: Find wizards with spell 'Fireball'
INFO  [2019-10-26 05:40:29,817] com.iluwatar.servicelayer.app.App: Aderlard Boud has 'Fireball'
INFO  [2019-10-26 06:07:35,718] com.iluwatar.servicelayer.app.App: Enumerating all wizards
INFO  [2019-10-26 06:07:35,720] com.iluwatar.servicelayer.app.App: Aderlard Boud
INFO  [2019-10-26 06:07:35,720] com.iluwatar.servicelayer.app.App: Anaxis Bajraktari
INFO  [2019-10-26 06:07:35,720] com.iluwatar.servicelayer.app.App: Xuban Munoa
INFO  [2019-10-26 06:07:35,720] com.iluwatar.servicelayer.app.App: Blasius Dehooge
INFO  [2019-10-26 06:07:35,721] com.iluwatar.servicelayer.app.App: Enumerating all spellbooks
INFO  [2019-10-26 06:07:35,725] com.iluwatar.servicelayer.app.App: Book of Orgymon
INFO  [2019-10-26 06:07:35,725] com.iluwatar.servicelayer.app.App: Book of Aras
INFO  [2019-10-26 06:07:35,725] com.iluwatar.servicelayer.app.App: Book of Kritior
INFO  [2019-10-26 06:07:35,726] com.iluwatar.servicelayer.app.App: Book of Tamaex
INFO  [2019-10-26 06:07:35,726] com.iluwatar.servicelayer.app.App: Book of Idores
INFO  [2019-10-26 06:07:35,726] com.iluwatar.servicelayer.app.App: Book of Opaen
INFO  [2019-10-26 06:07:35,726] com.iluwatar.servicelayer.app.App: Book of Kihione
INFO  [2019-10-26 06:07:35,726] com.iluwatar.servicelayer.app.App: Enumerating all spells
INFO  [2019-10-26 06:07:35,734] com.iluwatar.servicelayer.app.App: Ice dart
INFO  [2019-10-26 06:07:35,734] com.iluwatar.servicelayer.app.App: Invisibility
INFO  [2019-10-26 06:07:35,734] com.iluwatar.servicelayer.app.App: Stun bolt
INFO  [2019-10-26 06:07:35,734] com.iluwatar.servicelayer.app.App: Confusion
INFO  [2019-10-26 06:07:35,734] com.iluwatar.servicelayer.app.App: Darkness
INFO  [2019-10-26 06:07:35,734] com.iluwatar.servicelayer.app.App: Fireball
INFO  [2019-10-26 06:07:35,734] com.iluwatar.servicelayer.app.App: Enchant weapon
INFO  [2019-10-26 06:07:35,734] com.iluwatar.servicelayer.app.App: Rock armour
INFO  [2019-10-26 06:07:35,734] com.iluwatar.servicelayer.app.App: Light
INFO  [2019-10-26 06:07:35,734] com.iluwatar.servicelayer.app.App: Bee swarm
INFO  [2019-10-26 06:07:35,734] com.iluwatar.servicelayer.app.App: Haste
INFO  [2019-10-26 06:07:35,734] com.iluwatar.servicelayer.app.App: Levitation
INFO  [2019-10-26 06:07:35,734] com.iluwatar.servicelayer.app.App: Magic lock
INFO  [2019-10-26 06:07:35,734] com.iluwatar.servicelayer.app.App: Summon hell bat
INFO  [2019-10-26 06:07:35,734] com.iluwatar.servicelayer.app.App: Water walking
INFO  [2019-10-26 06:07:35,734] com.iluwatar.servicelayer.app.App: Magic storm
INFO  [2019-10-26 06:07:35,734] com.iluwatar.servicelayer.app.App: Entangle
INFO  [2019-10-26 06:07:35,734] com.iluwatar.servicelayer.app.App: Find wizards with spellbook 'Book of Idores'
INFO  [2019-10-26 06:07:35,739] com.iluwatar.servicelayer.app.App: Xuban Munoa has 'Book of Idores'
INFO  [2019-10-26 06:07:35,741] com.iluwatar.servicelayer.app.App: Find wizards with spell 'Fireball'
INFO  [2019-10-26 06:07:35,745] com.iluwatar.servicelayer.app.App: Aderlard Boud has 'Fireball'
